{
  "RSpec": {
    "coverage": {
      "c:/Ruby27/proj/start/14_15_16_lesson/fun_translations/lib/fun_translations.rb": {
        "lines": [
          1,
          1,
          1,
          null,
          1,
          1,
          null,
          1,
          1,
          7,
          null,
          null
        ]
      },
      "c:/Ruby27/proj/start/14_15_16_lesson/fun_translations/lib/fun_translations/client.rb": {
        "lines": [
          1,
          1,
          1,
          null,
          1,
          null,
          1,
          7,
          null,
          null,
          null,
          1,
          3,
          null,
          null,
          null,
          null,
          null,
          null,
          null,
          null,
          null
        ]
      },
      "c:/Ruby27/proj/start/14_15_16_lesson/fun_translations/lib/fun_translations/request.rb": {
        "lines": [
          1,
          1,
          1,
          null,
          1,
          null,
          null,
          6,
          null,
          null,
          null,
          null,
          1,
          null,
          1,
          null,
          null,
          null,
          null,
          null,
          null,
          6,
          null,
          null,
          null,
          6,
          null,
          3,
          null,
          null,
          null,
          1,
          3,
          null,
          2,
          null,
          null,
          null
        ]
      },
      "c:/Ruby27/proj/start/14_15_16_lesson/fun_translations/lib/fun_translations/connection.rb": {
        "lines": [
          1,
          1,
          1,
          null,
          1,
          6,
          6,
          6,
          null,
          null,
          null,
          1,
          null,
          1,
          null,
          6,
          null,
          null,
          null,
          null,
          6,
          null,
          null,
          6,
          null,
          null,
          null,
          null,
          null
        ]
      },
      "c:/Ruby27/proj/start/14_15_16_lesson/fun_translations/lib/fun_translations/error.rb": {
        "lines": [
          1,
          null,
          null,
          null,
          null,
          null,
          null,
          null,
          1,
          1,
          1,
          null,
          1,
          1,
          1,
          1,
          1,
          1,
          1,
          1,
          1,
          null,
          1,
          1,
          1,
          1,
          null,
          null,
          1,
          null,
          null,
          null,
          null,
          null,
          null,
          null,
          null,
          null,
          null,
          null,
          null,
          null,
          null,
          1,
          3,
          3,
          null,
          null,
          null
        ]
      },
      "c:/Ruby27/proj/start/14_15_16_lesson/fun_translations/lib/fun_translations/translation.rb": {
        "lines": [
          1,
          1,
          1,
          null,
          1,
          3,
          1,
          null,
          2,
          null,
          3,
          3,
          3,
          3,
          null,
          null,
          null
        ]
      },
      "c:/Ruby27/proj/start/14_15_16_lesson/fun_translations/lib/fun_translations/version.rb": {
        "lines": [
          1,
          1,
          null
        ]
      }
    },
    "timestamp": 1670436986
  }
}
